<?xml version="1.0" encoding="UTF-8"?>
<!-- Generated by org.testng.reporters.JUnitReportReporter -->
<testsuite hostname="DESKTOP-R442FEE" failures="0" tests="2" name="frameWork.CommonMethods" time="68.540" errors="0" timestamp="2019-12-16T14:35:28 IST" skipped="0">
  <testcase classname="frameWork.CommonMethods" name="launchApplication" time="21.363"/>
  <testcase classname="frameWork.CommonMethods" name="launchApplication" time="47.177"/>
</testsuite> <!-- frameWork.CommonMethods -->
