<?xml version="1.0" encoding="UTF-8"?>
<!-- Generated by org.testng.reporters.JUnitReportReporter -->
<testsuite hostname="DESKTOP-R442FEE" failures="0" tests="1" name="tests.TestClass" time="13.105" errors="0" timestamp="2019-12-16T14:29:31 IST" skipped="0">
  <testcase classname="tests.TestClass" name="TestMethod" time="13.105"/>
</testsuite> <!-- tests.TestClass -->
