<?xml version="1.0" encoding="UTF-8"?>
<!-- Generated by org.testng.reporters.JUnitReportReporter -->
<testsuite hostname="DESKTOP-R442FEE" failures="0" tests="1" name="frameWork.TestNg" time="0.017" errors="0" timestamp="2019-12-10T12:16:01 IST" skipped="0">
  <testcase classname="frameWork.TestNg" name="method1" time="0.017"/>
</testsuite> <!-- frameWork.TestNg -->
